<?xml version="1.0" encoding="UTF-8"?>
<testsuite name="WallServiceTest" tests="2" skipped="0" failures="0" errors="0" timestamp="2022-11-14T09:33:20" hostname="DESKTOP-DF5EQ1H" time="0.163">
  <properties/>
  <testcase name="update" classname="WallServiceTest" time="0.016"/>
  <testcase name="add" classname="WallServiceTest" time="0.146"/>
  <system-out><![CDATA[]]></system-out>
  <system-err><![CDATA[]]></system-err>
</testsuite>
